iMPACT Version: 
iMPACT log file Started on Wed Aug 15 17:54:14 2018

// *** BATCH CMD : setPreference -pref AutoSignature:FALSE
// *** BATCH CMD : setPreference -pref KeepSVF:FALSE
// *** BATCH CMD : setPreference -pref ConcurrentMode:FALSE
// *** BATCH CMD : setPreference -pref UseHighz:FALSE
// *** BATCH CMD : setPreference -pref svfUseTime:FALSE
// *** BATCH CMD : setMode -bs
// *** BATCH CMD : setMode -bs
GUI --- Auto connect to cable...
// *** BATCH CMD : setCable -port auto
AutoDetecting cable. Please wait.
PROGRESS_START - Starting Operation.
Connecting to cable (Parallel Port - LPT1).
Checking cable driver.
Your driver installation is not complete. Please rerun iMPACT
as an administrator to complete the driver installation.
Service using windrvr6.sys : SYSTEM\CurrentControlSet\Services\WinDriver6.
 ImagePath = system32\drivers\windrvr6.sys.
 Start = 3.
 ErrorControl = 1.
 Type=1.
Cable connection failed.
Connecting to cable (Parallel Port - LPT2).
Checking cable driver.
Your driver installation is not complete. Please rerun iMPACT
as an administrator to complete the driver installation.
Service using windrvr6.sys : SYSTEM\CurrentControlSet\Services\WinDriver6.
 ImagePath = system32\drivers\windrvr6.sys.
 Start = 3.
 ErrorControl = 1.
 Type=1.
Cable connection failed.
Connecting to cable (Parallel Port - LPT3).
Checking cable driver.
Your driver installation is not complete. Please rerun iMPACT
as an administrator to complete the driver installation.
Service using windrvr6.sys : SYSTEM\CurrentControlSet\Services\WinDriver6.
 ImagePath = system32\drivers\windrvr6.sys.
 Start = 3.
 ErrorControl = 1.
 Type=1.
Cable connection failed.
Connecting to cable (Parallel Port - LPT4).
Checking cable driver.
Your driver installation is not complete. Please rerun iMPACT
as an administrator to complete the driver installation.
Service using windrvr6.sys : SYSTEM\CurrentControlSet\Services\WinDriver6.
 ImagePath = system32\drivers\windrvr6.sys.
 Start = 3.
 ErrorControl = 1.
 Type=1.
Cable connection failed.
Connecting to cable (Usb Port - USB21).
Invalid OS major version = 6.
Cable connection failed.
PROGRESS_END - End Operation.
Elapsed time =      2 sec.
Cable autodetection failed.
WARNING:iMPACT:923 - Can not find cable, check cable setup ! Count ReleaseSemaphore rc = 298.
GUI --- Auto connect to cable...
// *** BATCH CMD : setCable -port auto
AutoDetecting cable. Please wait.
PROGRESS_START - Starting Operation.
Connecting to cable (Parallel Port - LPT1).
Checking cable driver.
Your driver installation is not complete. Please rerun iMPACT
as an administrator to complete the driver installation.
Service using windrvr6.sys : SYSTEM\CurrentControlSet\Services\WinDriver6.
 ImagePath = system32\drivers\windrvr6.sys.
 Start = 3.
 ErrorControl = 1.
 Type=1.
Cable connection failed.
Connecting to cable (Parallel Port - LPT2).
Checking cable driver.
Your driver installation is not complete. Please rerun iMPACT
as an administrator to complete the driver installation.
Service using windrvr6.sys : SYSTEM\CurrentControlSet\Services\WinDriver6.
 ImagePath = system32\drivers\windrvr6.sys.
 Start = 3.
 ErrorControl = 1.
 Type=1.
Cable connection failed.
Connecting to cable (Parallel Port - LPT3).
Checking cable driver.
Your driver installation is not complete. Please rerun iMPACT
as an administrator to complete the driver installation.
Service using windrvr6.sys : SYSTEM\CurrentControlSet\Services\WinDriver6.
 ImagePath = system32\drivers\windrvr6.sys.
 Start = 3.
 ErrorControl = 1.
 Type=1.
Cable connection failed.
Connecting to cable (Parallel Port - LPT4).
Checking cable driver.
Your driver installation is not complete. Please rerun iMPACT
as an administrator to complete the driver installation.
Service using windrvr6.sys : SYSTEM\CurrentControlSet\Services\WinDriver6.
 ImagePath = system32\drivers\windrvr6.sys.
 Start = 3.
 ErrorControl = 1.
 Type=1.
Cable connection failed.
Connecting to cable (Usb Port - USB21).
Invalid OS major version = 6.
Cable connection failed.
PROGRESS_END - End Operation.
Elapsed time =      1 sec.
Cable autodetection failed.
WARNING:iMPACT:923 - Can not find cable, check cable setup !