Analysis & Synthesis report for Prac12
Wed Nov 21 18:52:12 2018
Quartus Prime Version 18.1.0 Build 625 09/12/2018 SJ Lite Edition


---------------------
; Table of Contents ;
---------------------
  1. Legal Notice
  2. Analysis & Synthesis Summary
  3. Analysis & Synthesis Settings
  4. Parallel Compilation
  5. Analysis & Synthesis Source Files Read
  6. Analysis & Synthesis Resource Usage Summary
  7. Analysis & Synthesis Resource Utilization by Entity
  8. State Machine - |ACELEROMETRO|edo_actual
  9. State Machine - |ACELEROMETRO|Prac12:U1|state
 10. User-Specified and Inferred Latches
 11. Registers Removed During Synthesis
 12. General Register Statistics
 13. Inverted Register Statistics
 14. Multiplexer Restructuring Statistics (Restructuring Performed)
 15. Parameter Settings for User Entity Instance: Prac12:U1
 16. Parameter Settings for User Entity Instance: Prac5:U2
 17. Port Connectivity Checks: "Prac12:U1"
 18. Post-Synthesis Netlist Statistics for Top Partition
 19. Elapsed Time Per Partition
 20. Analysis & Synthesis Messages



----------------
; Legal Notice ;
----------------
Copyright (C) 2018  Intel Corporation. All rights reserved.
Your use of Intel Corporation's design tools, logic functions 
and other software and tools, and its AMPP partner logic 
functions, and any output files from any of the foregoing 
(including device programming or simulation files), and any 
associated documentation or information are expressly subject 
to the terms and conditions of the Intel Program License 
Subscription Agreement, the Intel Quartus Prime License Agreement,
the Intel FPGA IP License Agreement, or other applicable license
agreement, including, without limitation, that your use is for
the sole purpose of programming logic devices manufactured by
Intel and sold by Intel or its authorized distributors.  Please
refer to the applicable agreement for further details.



+----------------------------------------------------------------------------------+
; Analysis & Synthesis Summary                                                     ;
+------------------------------------+---------------------------------------------+
; Analysis & Synthesis Status        ; Successful - Wed Nov 21 18:52:12 2018       ;
; Quartus Prime Version              ; 18.1.0 Build 625 09/12/2018 SJ Lite Edition ;
; Revision Name                      ; Prac12                                      ;
; Top-level Entity Name              ; ACELEROMETRO                                ;
; Family                             ; MAX 10                                      ;
; Total logic elements               ; 182                                         ;
;     Total combinational functions  ; 173                                         ;
;     Dedicated logic registers      ; 84                                          ;
; Total registers                    ; 84                                          ;
; Total pins                         ; 20                                          ;
; Total virtual pins                 ; 0                                           ;
; Total memory bits                  ; 0                                           ;
; Embedded Multiplier 9-bit elements ; 0                                           ;
; Total PLLs                         ; 0                                           ;
; UFM blocks                         ; 0                                           ;
; ADC blocks                         ; 0                                           ;
+------------------------------------+---------------------------------------------+


+------------------------------------------------------------------------------------------------------------+
; Analysis & Synthesis Settings                                                                              ;
+------------------------------------------------------------------+--------------------+--------------------+
; Option                                                           ; Setting            ; Default Value      ;
+------------------------------------------------------------------+--------------------+--------------------+
; Device                                                           ; 10M50DAF484C7G     ;                    ;
; Top-level entity name                                            ; Acelerometro       ; Prac12             ;
; Family name                                                      ; MAX 10             ; Cyclone V          ;
; Use smart compilation                                            ; Off                ; Off                ;
; Enable parallel Assembler and Timing Analyzer during compilation ; On                 ; On                 ;
; Enable compact report table                                      ; Off                ; Off                ;
; Restructure Multiplexers                                         ; Auto               ; Auto               ;
; Create Debugging Nodes for IP Cores                              ; Off                ; Off                ;
; Preserve fewer node names                                        ; On                 ; On                 ;
; Intel FPGA IP Evaluation Mode                                    ; Enable             ; Enable             ;
; Verilog Version                                                  ; Verilog_2001       ; Verilog_2001       ;
; VHDL Version                                                     ; VHDL_1993          ; VHDL_1993          ;
; State Machine Processing                                         ; Auto               ; Auto               ;
; Safe State Machine                                               ; Off                ; Off                ;
; Extract Verilog State Machines                                   ; On                 ; On                 ;
; Extract VHDL State Machines                                      ; On                 ; On                 ;
; Ignore Verilog initial constructs                                ; Off                ; Off                ;
; Iteration limit for constant Verilog loops                       ; 5000               ; 5000               ;
; Iteration limit for non-constant Verilog loops                   ; 250                ; 250                ;
; Add Pass-Through Logic to Inferred RAMs                          ; On                 ; On                 ;
; Infer RAMs from Raw Logic                                        ; On                 ; On                 ;
; Parallel Synthesis                                               ; On                 ; On                 ;
; DSP Block Balancing                                              ; Auto               ; Auto               ;
; NOT Gate Push-Back                                               ; On                 ; On                 ;
; Power-Up Don't Care                                              ; On                 ; On                 ;
; Remove Redundant Logic Cells                                     ; Off                ; Off                ;
; Remove Duplicate Registers                                       ; On                 ; On                 ;
; Ignore CARRY Buffers                                             ; Off                ; Off                ;
; Ignore CASCADE Buffers                                           ; Off                ; Off                ;
; Ignore GLOBAL Buffers                                            ; Off                ; Off                ;
; Ignore ROW GLOBAL Buffers                                        ; Off                ; Off                ;
; Ignore LCELL Buffers                                             ; Off                ; Off                ;
; Ignore SOFT Buffers                                              ; On                 ; On                 ;
; Limit AHDL Integers to 32 Bits                                   ; Off                ; Off                ;
; Optimization Technique                                           ; Balanced           ; Balanced           ;
; Carry Chain Length                                               ; 70                 ; 70                 ;
; Auto Carry Chains                                                ; On                 ; On                 ;
; Auto Open-Drain Pins                                             ; On                 ; On                 ;
; Perform WYSIWYG Primitive Resynthesis                            ; Off                ; Off                ;
; Auto ROM Replacement                                             ; On                 ; On                 ;
; Auto RAM Replacement                                             ; On                 ; On                 ;
; Auto DSP Block Replacement                                       ; On                 ; On                 ;
; Auto Shift Register Replacement                                  ; Auto               ; Auto               ;
; Allow Shift Register Merging across Hierarchies                  ; Auto               ; Auto               ;
; Auto Clock Enable Replacement                                    ; On                 ; On                 ;
; Strict RAM Replacement                                           ; Off                ; Off                ;
; Allow Synchronous Control Signals                                ; On                 ; On                 ;
; Force Use of Synchronous Clear Signals                           ; Off                ; Off                ;
; Auto RAM Block Balancing                                         ; On                 ; On                 ;
; Auto RAM to Logic Cell Conversion                                ; Off                ; Off                ;
; Auto Resource Sharing                                            ; Off                ; Off                ;
; Allow Any RAM Size For Recognition                               ; Off                ; Off                ;
; Allow Any ROM Size For Recognition                               ; Off                ; Off                ;
; Allow Any Shift Register Size For Recognition                    ; Off                ; Off                ;
; Use LogicLock Constraints during Resource Balancing              ; On                 ; On                 ;
; Ignore translate_off and synthesis_off directives                ; Off                ; Off                ;
; Timing-Driven Synthesis                                          ; On                 ; On                 ;
; Report Parameter Settings                                        ; On                 ; On                 ;
; Report Source Assignments                                        ; On                 ; On                 ;
; Report Connectivity Checks                                       ; On                 ; On                 ;
; Ignore Maximum Fan-Out Assignments                               ; Off                ; Off                ;
; Synchronization Register Chain Length                            ; 2                  ; 2                  ;
; Power Optimization During Synthesis                              ; Normal compilation ; Normal compilation ;
; HDL message level                                                ; Level2             ; Level2             ;
; Suppress Register Optimization Related Messages                  ; Off                ; Off                ;
; Number of Removed Registers Reported in Synthesis Report         ; 5000               ; 5000               ;
; Number of Swept Nodes Reported in Synthesis Report               ; 5000               ; 5000               ;
; Number of Inverted Registers Reported in Synthesis Report        ; 100                ; 100                ;
; Clock MUX Protection                                             ; On                 ; On                 ;
; Auto Gated Clock Conversion                                      ; Off                ; Off                ;
; Block Design Naming                                              ; Auto               ; Auto               ;
; SDC constraint protection                                        ; Off                ; Off                ;
; Synthesis Effort                                                 ; Auto               ; Auto               ;
; Shift Register Replacement - Allow Asynchronous Clear Signal     ; On                 ; On                 ;
; Pre-Mapping Resynthesis Optimization                             ; Off                ; Off                ;
; Analysis & Synthesis Message Level                               ; Medium             ; Medium             ;
; Disable Register Merging Across Hierarchies                      ; Auto               ; Auto               ;
; Resource Aware Inference For Block RAM                           ; On                 ; On                 ;
+------------------------------------------------------------------+--------------------+--------------------+


+------------------------------------------+
; Parallel Compilation                     ;
+----------------------------+-------------+
; Processors                 ; Number      ;
+----------------------------+-------------+
; Number detected on machine ; 8           ;
; Maximum allowed            ; 4           ;
;                            ;             ;
; Average used               ; 1.00        ;
; Maximum used               ; 4           ;
;                            ;             ;
; Usage by Processor         ; % Time Used ;
;     Processor 1            ; 100.0%      ;
;     Processors 2-4         ;   0.0%      ;
+----------------------------+-------------+


+-----------------------------------------------------------------------------------------------------------------------------------+
; Analysis & Synthesis Source Files Read                                                                                            ;
+----------------------------------+-----------------+-----------------+--------------------------------------------------+---------+
; File Name with User-Entered Path ; Used in Netlist ; File Type       ; File Name with Absolute Path                     ; Library ;
+----------------------------------+-----------------+-----------------+--------------------------------------------------+---------+
; Acelerometro.vhd                 ; yes             ; User VHDL File  ; C:/Users/ramse/Downloads/Prac12/Acelerometro.vhd ;         ;
; Prac5.vhd                        ; yes             ; User VHDL File  ; C:/Users/ramse/Downloads/Prac12/Prac5.vhd        ;         ;
; Prac12.vhd                       ; yes             ; User VHDL File  ; C:/Users/ramse/Downloads/Prac12/Prac12.vhd       ;         ;
+----------------------------------+-----------------+-----------------+--------------------------------------------------+---------+


+---------------------------------------------------------+
; Analysis & Synthesis Resource Usage Summary             ;
+---------------------------------------------+-----------+
; Resource                                    ; Usage     ;
+---------------------------------------------+-----------+
; Estimated Total logic elements              ; 182       ;
;                                             ;           ;
; Total combinational functions               ; 173       ;
; Logic element usage by number of LUT inputs ;           ;
;     -- 4 input functions                    ; 74        ;
;     -- 3 input functions                    ; 53        ;
;     -- <=2 input functions                  ; 46        ;
;                                             ;           ;
; Logic elements by mode                      ;           ;
;     -- normal mode                          ; 144       ;
;     -- arithmetic mode                      ; 29        ;
;                                             ;           ;
; Total registers                             ; 84        ;
;     -- Dedicated logic registers            ; 84        ;
;     -- I/O registers                        ; 0         ;
;                                             ;           ;
; I/O pins                                    ; 20        ;
;                                             ;           ;
; Embedded Multiplier 9-bit elements          ; 0         ;
;                                             ;           ;
; Maximum fan-out node                        ; clk~input ;
; Maximum fan-out                             ; 80        ;
; Total fan-out                               ; 781       ;
; Average fan-out                             ; 2.61      ;
+---------------------------------------------+-----------+


+-----------------------------------------------------------------------------------------------------------------------------------------------------------------------------------------------------------------------------------------+
; Analysis & Synthesis Resource Utilization by Entity                                                                                                                                                                                     ;
+----------------------------+---------------------+---------------------------+-------------+------------+--------------+---------+-----------+------+--------------+------------+-------------------------+--------------+--------------+
; Compilation Hierarchy Node ; Combinational ALUTs ; Dedicated Logic Registers ; Memory Bits ; UFM Blocks ; DSP Elements ; DSP 9x9 ; DSP 18x18 ; Pins ; Virtual Pins ; ADC blocks ; Full Hierarchy Name     ; Entity Name  ; Library Name ;
+----------------------------+---------------------+---------------------------+-------------+------------+--------------+---------+-----------+------+--------------+------------+-------------------------+--------------+--------------+
; |ACELEROMETRO              ; 173 (37)            ; 84 (8)                    ; 0           ; 0          ; 0            ; 0       ; 0         ; 20   ; 0            ; 0          ; |ACELEROMETRO           ; ACELEROMETRO ; work         ;
;    |Prac12:U1|             ; 111 (111)           ; 51 (51)                   ; 0           ; 0          ; 0            ; 0       ; 0         ; 0    ; 0            ; 0          ; |ACELEROMETRO|Prac12:U1 ; Prac12       ; work         ;
;    |Prac5:U2|              ; 25 (25)             ; 25 (25)                   ; 0           ; 0          ; 0            ; 0       ; 0         ; 0    ; 0            ; 0          ; |ACELEROMETRO|Prac5:U2  ; Prac5        ; work         ;
+----------------------------+---------------------+---------------------------+-------------+------------+--------------+---------+-----------+------+--------------+------------+-------------------------+--------------+--------------+
Note: For table entries with two numbers listed, the numbers in parentheses indicate the number of resources of the given type used by the specific entity alone. The numbers listed outside of parentheses indicate the total resources of the given type used by the specific entity and all of its sub-entities in the hierarchy.


Encoding Type:  One-Hot
+----------------------------------------------------------------------------+
; State Machine - |ACELEROMETRO|edo_actual                                   ;
+-------------------+-------------------+----------------+-------------------+
; Name              ; edo_actual.espera ; edo_actual.lee ; edo_actual.inicia ;
+-------------------+-------------------+----------------+-------------------+
; edo_actual.inicia ; 0                 ; 0              ; 0                 ;
; edo_actual.lee    ; 0                 ; 1              ; 1                 ;
; edo_actual.espera ; 1                 ; 0              ; 1                 ;
+-------------------+-------------------+----------------+-------------------+


Encoding Type:  One-Hot
+--------------------------------------------------------------------------------------------------------------------------------------------------+
; State Machine - |ACELEROMETRO|Prac12:U1|state                                                                                                    ;
+----------------+------------+----------------+----------------+----------+----------+----------------+---------------+-------------+-------------+
; Name           ; state.stop ; state.mstr_ack ; state.slv_ack2 ; state.rd ; state.wr ; state.slv_ack1 ; state.command ; state.start ; state.ready ;
+----------------+------------+----------------+----------------+----------+----------+----------------+---------------+-------------+-------------+
; state.ready    ; 0          ; 0              ; 0              ; 0        ; 0        ; 0              ; 0             ; 0           ; 0           ;
; state.start    ; 0          ; 0              ; 0              ; 0        ; 0        ; 0              ; 0             ; 1           ; 1           ;
; state.command  ; 0          ; 0              ; 0              ; 0        ; 0        ; 0              ; 1             ; 0           ; 1           ;
; state.slv_ack1 ; 0          ; 0              ; 0              ; 0        ; 0        ; 1              ; 0             ; 0           ; 1           ;
; state.wr       ; 0          ; 0              ; 0              ; 0        ; 1        ; 0              ; 0             ; 0           ; 1           ;
; state.rd       ; 0          ; 0              ; 0              ; 1        ; 0        ; 0              ; 0             ; 0           ; 1           ;
; state.slv_ack2 ; 0          ; 0              ; 1              ; 0        ; 0        ; 0              ; 0             ; 0           ; 1           ;
; state.mstr_ack ; 0          ; 1              ; 0              ; 0        ; 0        ; 0              ; 0             ; 0           ; 1           ;
; state.stop     ; 1          ; 0              ; 0              ; 0        ; 0        ; 0              ; 0             ; 0           ; 1           ;
+----------------+------------+----------------+----------------+----------+----------+----------------+---------------+-------------+-------------+


+----------------------------------------------------------------------------------------------------+
; User-Specified and Inferred Latches                                                                ;
+-----------------------------------------------------+---------------------+------------------------+
; Latch Name                                          ; Latch Enable Signal ; Free of Timing Hazards ;
+-----------------------------------------------------+---------------------+------------------------+
; AX[0]                                               ; AX[7]               ; yes                    ;
; AX[1]                                               ; AX[7]               ; yes                    ;
; AX[2]                                               ; AX[7]               ; yes                    ;
; AX[3]                                               ; AX[7]               ; yes                    ;
; AX[4]                                               ; AX[7]               ; yes                    ;
; AX[5]                                               ; AX[7]               ; yes                    ;
; AX[6]                                               ; AX[7]               ; yes                    ;
; AX[7]                                               ; AX[7]               ; yes                    ;
; AX[8]                                               ; AX[9]               ; yes                    ;
; AX[9]                                               ; AX[9]               ; yes                    ;
; Number of user-specified and inferred latches = 10  ;                     ;                        ;
+-----------------------------------------------------+---------------------+------------------------+
Note: All latches listed above may not be present at the end of synthesis due to various synthesis optimizations.


+---------------------------------------------------------------------------------+
; Registers Removed During Synthesis                                              ;
+----------------------------------------+----------------------------------------+
; Register name                          ; Reason for Removal                     ;
+----------------------------------------+----------------------------------------+
; Prac12:U1|addr_rw[2,5,7]               ; Merged with Prac12:U1|addr_rw[1]       ;
; Prac12:U1|addr_rw[4,6]                 ; Merged with Prac12:U1|addr_rw[3]       ;
; Prac12:U1|data_tx[6,7]                 ; Merged with Prac12:U1|addr_rw[3]       ;
; Prac12:U1|addr_rw[3]                   ; Stuck at GND due to stuck port data_in ;
; Prac5:U2|cuenta[25..27]                ; Lost fanout                            ;
; Total Number of Removed Registers = 11 ;                                        ;
+----------------------------------------+----------------------------------------+


+------------------------------------------------------+
; General Register Statistics                          ;
+----------------------------------------------+-------+
; Statistic                                    ; Value ;
+----------------------------------------------+-------+
; Total registers                              ; 84    ;
; Number of registers using Synchronous Clear  ; 0     ;
; Number of registers using Synchronous Load   ; 0     ;
; Number of registers using Asynchronous Clear ; 4     ;
; Number of registers using Asynchronous Load  ; 0     ;
; Number of registers using Clock Enable       ; 32    ;
; Number of registers using Preset             ; 0     ;
+----------------------------------------------+-------+


+--------------------------------------------------+
; Inverted Register Statistics                     ;
+----------------------------------------+---------+
; Inverted Register                      ; Fan out ;
+----------------------------------------+---------+
; Prac12:U1|bit_cnt[2]                   ; 21      ;
; Prac12:U1|bit_cnt[1]                   ; 22      ;
; Prac12:U1|bit_cnt[0]                   ; 19      ;
; Prac12:U1|sda_int                      ; 3       ;
; Total number of inverted registers = 4 ;         ;
+----------------------------------------+---------+


+--------------------------------------------------------------------------------------------------------------------------------------------------+
; Multiplexer Restructuring Statistics (Restructuring Performed)                                                                                   ;
+--------------------+-----------+---------------+----------------------+------------------------+------------+------------------------------------+
; Multiplexer Inputs ; Bus Width ; Baseline Area ; Area if Restructured ; Saving if Restructured ; Registered ; Example Multiplexer Output         ;
+--------------------+-----------+---------------+----------------------+------------------------+------------+------------------------------------+
; 3:1                ; 8 bits    ; 16 LEs        ; 0 LEs                ; 16 LEs                 ; Yes        ; |ACELEROMETRO|Prac12:U1|addr_rw[1] ;
; 3:1                ; 3 bits    ; 6 LEs         ; 3 LEs                ; 3 LEs                  ; Yes        ; |ACELEROMETRO|Prac12:U1|bit_cnt[0] ;
; 1:1                ; 2 bits    ; 0 LEs         ; 0 LEs                ; 0 LEs                  ; No         ; |ACELEROMETRO|Mux37                ;
; 1:1                ; 8 bits    ; 0 LEs         ; 0 LEs                ; 0 LEs                  ; No         ; |ACELEROMETRO|Mux29                ;
; 7:1                ; 3 bits    ; 12 LEs        ; 6 LEs                ; 6 LEs                  ; No         ; |ACELEROMETRO|edo_actual           ;
+--------------------+-----------+---------------+----------------------+------------------------+------------+------------------------------------+


+--------------------------------------------------------+
; Parameter Settings for User Entity Instance: Prac12:U1 ;
+----------------+----------+----------------------------+
; Parameter Name ; Value    ; Type                       ;
+----------------+----------+----------------------------+
; input_clk      ; 50000000 ; Signed Integer             ;
; bus_clk        ; 400000   ; Signed Integer             ;
+----------------+----------+----------------------------+
Note: In order to hide this table in the UI and the text report file, please set the "Show Parameter Settings in Synthesis Report" option in "Analysis and Synthesis Settings -> More Settings" to "Off".


+-------------------------------------------------------+
; Parameter Settings for User Entity Instance: Prac5:U2 ;
+----------------+-------+------------------------------+
; Parameter Name ; Value ; Type                         ;
+----------------+-------+------------------------------+
; n              ; 24    ; Signed Integer               ;
+----------------+-------+------------------------------+
Note: In order to hide this table in the UI and the text report file, please set the "Show Parameter Settings in Synthesis Report" option in "Analysis and Synthesis Settings -> More Settings" to "Off".


+-------------------------------------------------+
; Port Connectivity Checks: "Prac12:U1"           ;
+---------------+-------+----------+--------------+
; Port          ; Type  ; Severity ; Details      ;
+---------------+-------+----------+--------------+
; reset_n       ; Input ; Info     ; Stuck at VCC ;
; addr[3..2]    ; Input ; Info     ; Stuck at GND ;
; addr[5]       ; Input ; Info     ; Stuck at GND ;
; data_wr[7..6] ; Input ; Info     ; Stuck at GND ;
+---------------+-------+----------+--------------+


+-----------------------------------------------------+
; Post-Synthesis Netlist Statistics for Top Partition ;
+-----------------------+-----------------------------+
; Type                  ; Count                       ;
+-----------------------+-----------------------------+
; boundary_port         ; 20                          ;
; cycloneiii_ff         ; 84                          ;
;     CLR               ; 4                           ;
;     ENA               ; 32                          ;
;     plain             ; 48                          ;
; cycloneiii_io_obuf    ; 2                           ;
; cycloneiii_lcell_comb ; 175                         ;
;     arith             ; 29                          ;
;         2 data inputs ; 27                          ;
;         3 data inputs ; 2                           ;
;     normal            ; 146                         ;
;         0 data inputs ; 2                           ;
;         1 data inputs ; 5                           ;
;         2 data inputs ; 14                          ;
;         3 data inputs ; 51                          ;
;         4 data inputs ; 74                          ;
;                       ;                             ;
; Max LUT depth         ; 7.00                        ;
; Average LUT depth     ; 3.49                        ;
+-----------------------+-----------------------------+


+-------------------------------+
; Elapsed Time Per Partition    ;
+----------------+--------------+
; Partition Name ; Elapsed Time ;
+----------------+--------------+
; Top            ; 00:00:01     ;
+----------------+--------------+


+-------------------------------+
; Analysis & Synthesis Messages ;
+-------------------------------+
Info: *******************************************************************
Info: Running Quartus Prime Analysis & Synthesis
    Info: Version 18.1.0 Build 625 09/12/2018 SJ Lite Edition
    Info: Processing started: Wed Nov 21 18:51:51 2018
Info: Command: quartus_map --read_settings_files=on --write_settings_files=off Prac12 -c Prac12
Warning (18236): Number of processors has not been specified which may cause overloading on shared machines.  Set the global assignment NUM_PARALLEL_PROCESSORS in your QSF to an appropriate value for best performance.
Info (20030): Parallel compilation is enabled and will use 4 of the 4 processors detected
Info (12021): Found 2 design units, including 1 entities, in source file acelerometro.vhd
    Info (12022): Found design unit 1: ACELEROMETRO-Behavioral File: C:/Users/ramse/Downloads/Prac12/Acelerometro.vhd Line: 18
    Info (12023): Found entity 1: ACELEROMETRO File: C:/Users/ramse/Downloads/Prac12/Acelerometro.vhd Line: 6
Info (12021): Found 2 design units, including 1 entities, in source file prac5.vhd
    Info (12022): Found design unit 1: Prac5-arqPrac5 File: C:/Users/ramse/Downloads/Prac12/Prac5.vhd Line: 12
    Info (12023): Found entity 1: Prac5 File: C:/Users/ramse/Downloads/Prac12/Prac5.vhd Line: 6
Info (12021): Found 2 design units, including 1 entities, in source file prac12.vhd
    Info (12022): Found design unit 1: Prac12-arqPrac12 File: C:/Users/ramse/Downloads/Prac12/Prac12.vhd Line: 23
    Info (12023): Found entity 1: Prac12 File: C:/Users/ramse/Downloads/Prac12/Prac12.vhd Line: 5
Info (12127): Elaborating entity "Acelerometro" for the top level hierarchy
Warning (10540): VHDL Signal Declaration warning at Acelerometro.vhd(14): used explicit default value for signal "CSin" because signal was never assigned a value File: C:/Users/ramse/Downloads/Prac12/Acelerometro.vhd Line: 14
Warning (10540): VHDL Signal Declaration warning at Acelerometro.vhd(15): used explicit default value for signal "sdoad" because signal was never assigned a value File: C:/Users/ramse/Downloads/Prac12/Acelerometro.vhd Line: 15
Warning (10492): VHDL Process Statement warning at Acelerometro.vhd(143): signal "reg_dataX0" is read inside the Process Statement but isn't in the Process Statement's sensitivity list File: C:/Users/ramse/Downloads/Prac12/Acelerometro.vhd Line: 143
Warning (10492): VHDL Process Statement warning at Acelerometro.vhd(148): signal "reg_dataX0" is read inside the Process Statement but isn't in the Process Statement's sensitivity list File: C:/Users/ramse/Downloads/Prac12/Acelerometro.vhd Line: 148
Warning (10492): VHDL Process Statement warning at Acelerometro.vhd(156): signal "reg_dataX0" is read inside the Process Statement but isn't in the Process Statement's sensitivity list File: C:/Users/ramse/Downloads/Prac12/Acelerometro.vhd Line: 156
Warning (10492): VHDL Process Statement warning at Acelerometro.vhd(165): signal "reg_dataX0" is read inside the Process Statement but isn't in the Process Statement's sensitivity list File: C:/Users/ramse/Downloads/Prac12/Acelerometro.vhd Line: 165
Warning (10631): VHDL Process Statement warning at Acelerometro.vhd(95): inferring latch(es) for signal or variable "AX", which holds its previous value in one or more paths through the process File: C:/Users/ramse/Downloads/Prac12/Acelerometro.vhd Line: 95
Info (10041): Inferred latch for "AX[0]" at Acelerometro.vhd(95) File: C:/Users/ramse/Downloads/Prac12/Acelerometro.vhd Line: 95
Info (10041): Inferred latch for "AX[1]" at Acelerometro.vhd(95) File: C:/Users/ramse/Downloads/Prac12/Acelerometro.vhd Line: 95
Info (10041): Inferred latch for "AX[2]" at Acelerometro.vhd(95) File: C:/Users/ramse/Downloads/Prac12/Acelerometro.vhd Line: 95
Info (10041): Inferred latch for "AX[3]" at Acelerometro.vhd(95) File: C:/Users/ramse/Downloads/Prac12/Acelerometro.vhd Line: 95
Info (10041): Inferred latch for "AX[4]" at Acelerometro.vhd(95) File: C:/Users/ramse/Downloads/Prac12/Acelerometro.vhd Line: 95
Info (10041): Inferred latch for "AX[5]" at Acelerometro.vhd(95) File: C:/Users/ramse/Downloads/Prac12/Acelerometro.vhd Line: 95
Info (10041): Inferred latch for "AX[6]" at Acelerometro.vhd(95) File: C:/Users/ramse/Downloads/Prac12/Acelerometro.vhd Line: 95
Info (10041): Inferred latch for "AX[7]" at Acelerometro.vhd(95) File: C:/Users/ramse/Downloads/Prac12/Acelerometro.vhd Line: 95
Info (10041): Inferred latch for "AX[8]" at Acelerometro.vhd(95) File: C:/Users/ramse/Downloads/Prac12/Acelerometro.vhd Line: 95
Info (10041): Inferred latch for "AX[9]" at Acelerometro.vhd(95) File: C:/Users/ramse/Downloads/Prac12/Acelerometro.vhd Line: 95
Info (12128): Elaborating entity "Prac12" for hierarchy "Prac12:U1" File: C:/Users/ramse/Downloads/Prac12/Acelerometro.vhd Line: 65
Info (12128): Elaborating entity "Prac5" for hierarchy "Prac5:U2" File: C:/Users/ramse/Downloads/Prac12/Acelerometro.vhd Line: 67
Warning (13024): Output pins are stuck at VCC or GND
    Warning (13410): Pin "CSin" is stuck at VCC File: C:/Users/ramse/Downloads/Prac12/Acelerometro.vhd Line: 14
    Warning (13410): Pin "sdoad" is stuck at GND File: C:/Users/ramse/Downloads/Prac12/Acelerometro.vhd Line: 15
Info (286030): Timing-Driven Synthesis is running
Info (17049): 3 registers lost all their fanouts during netlist optimizations.
Info (16010): Generating hard_block partition "hard_block:auto_generated_inst"
    Info (16011): Adding 0 node(s), including 0 DDIO, 0 PLL, 0 transceiver and 0 LCELL
Info (21057): Implemented 214 device resources after synthesis - the final resource count might be different
    Info (21058): Implemented 5 input pins
    Info (21059): Implemented 13 output pins
    Info (21060): Implemented 2 bidirectional pins
    Info (21061): Implemented 194 logic cells
Info: Quartus Prime Analysis & Synthesis was successful. 0 errors, 11 warnings
    Info: Peak virtual memory: 4811 megabytes
    Info: Processing ended: Wed Nov 21 18:52:12 2018
    Info: Elapsed time: 00:00:21
    Info: Total CPU time (on all processors): 00:00:43


