Analysis & Synthesis report for vga
Sat Nov 03 19:49:32 2018
Quartus Prime Version 18.1.0 Build 625 09/12/2018 SJ Lite Edition


---------------------
; Table of Contents ;
---------------------
  1. Legal Notice
  2. Analysis & Synthesis Summary
  3. Analysis & Synthesis Settings
  4. Parallel Compilation
  5. Analysis & Synthesis Source Files Read
  6. Analysis & Synthesis Resource Usage Summary
  7. Analysis & Synthesis Resource Utilization by Entity
  8. Registers Removed During Synthesis
  9. General Register Statistics
 10. Inverted Register Statistics
 11. Post-Synthesis Netlist Statistics for Top Partition
 12. Elapsed Time Per Partition
 13. Analysis & Synthesis Messages



----------------
; Legal Notice ;
----------------
Copyright (C) 2018  Intel Corporation. All rights reserved.
Your use of Intel Corporation's design tools, logic functions 
and other software and tools, and its AMPP partner logic 
functions, and any output files from any of the foregoing 
(including device programming or simulation files), and any 
associated documentation or information are expressly subject 
to the terms and conditions of the Intel Program License 
Subscription Agreement, the Intel Quartus Prime License Agreement,
the Intel FPGA IP License Agreement, or other applicable license
agreement, including, without limitation, that your use is for
the sole purpose of programming logic devices manufactured by
Intel and sold by Intel or its authorized distributors.  Please
refer to the applicable agreement for further details.



+----------------------------------------------------------------------------------+
; Analysis & Synthesis Summary                                                     ;
+------------------------------------+---------------------------------------------+
; Analysis & Synthesis Status        ; Successful - Sat Nov 03 19:49:32 2018       ;
; Quartus Prime Version              ; 18.1.0 Build 625 09/12/2018 SJ Lite Edition ;
; Revision Name                      ; vga                                         ;
; Top-level Entity Name              ; vga                                         ;
; Family                             ; MAX 10                                      ;
; Total logic elements               ; 315                                         ;
;     Total combinational functions  ; 296                                         ;
;     Dedicated logic registers      ; 134                                         ;
; Total registers                    ; 134                                         ;
; Total pins                         ; 15                                          ;
; Total virtual pins                 ; 0                                           ;
; Total memory bits                  ; 0                                           ;
; Embedded Multiplier 9-bit elements ; 0                                           ;
; Total PLLs                         ; 0                                           ;
; UFM blocks                         ; 0                                           ;
; ADC blocks                         ; 0                                           ;
+------------------------------------+---------------------------------------------+


+------------------------------------------------------------------------------------------------------------+
; Analysis & Synthesis Settings                                                                              ;
+------------------------------------------------------------------+--------------------+--------------------+
; Option                                                           ; Setting            ; Default Value      ;
+------------------------------------------------------------------+--------------------+--------------------+
; Device                                                           ; 10M50DAF484C7G     ;                    ;
; Top-level entity name                                            ; vga                ; vga                ;
; Family name                                                      ; MAX 10             ; Cyclone V          ;
; Use smart compilation                                            ; Off                ; Off                ;
; Enable parallel Assembler and Timing Analyzer during compilation ; On                 ; On                 ;
; Enable compact report table                                      ; Off                ; Off                ;
; Restructure Multiplexers                                         ; Auto               ; Auto               ;
; Create Debugging Nodes for IP Cores                              ; Off                ; Off                ;
; Preserve fewer node names                                        ; On                 ; On                 ;
; Intel FPGA IP Evaluation Mode                                    ; Enable             ; Enable             ;
; Verilog Version                                                  ; Verilog_2001       ; Verilog_2001       ;
; VHDL Version                                                     ; VHDL_1993          ; VHDL_1993          ;
; State Machine Processing                                         ; Auto               ; Auto               ;
; Safe State Machine                                               ; Off                ; Off                ;
; Extract Verilog State Machines                                   ; On                 ; On                 ;
; Extract VHDL State Machines                                      ; On                 ; On                 ;
; Ignore Verilog initial constructs                                ; Off                ; Off                ;
; Iteration limit for constant Verilog loops                       ; 5000               ; 5000               ;
; Iteration limit for non-constant Verilog loops                   ; 250                ; 250                ;
; Add Pass-Through Logic to Inferred RAMs                          ; On                 ; On                 ;
; Infer RAMs from Raw Logic                                        ; On                 ; On                 ;
; Parallel Synthesis                                               ; On                 ; On                 ;
; DSP Block Balancing                                              ; Auto               ; Auto               ;
; NOT Gate Push-Back                                               ; On                 ; On                 ;
; Power-Up Don't Care                                              ; On                 ; On                 ;
; Remove Redundant Logic Cells                                     ; Off                ; Off                ;
; Remove Duplicate Registers                                       ; On                 ; On                 ;
; Ignore CARRY Buffers                                             ; Off                ; Off                ;
; Ignore CASCADE Buffers                                           ; Off                ; Off                ;
; Ignore GLOBAL Buffers                                            ; Off                ; Off                ;
; Ignore ROW GLOBAL Buffers                                        ; Off                ; Off                ;
; Ignore LCELL Buffers                                             ; Off                ; Off                ;
; Ignore SOFT Buffers                                              ; On                 ; On                 ;
; Limit AHDL Integers to 32 Bits                                   ; Off                ; Off                ;
; Optimization Technique                                           ; Balanced           ; Balanced           ;
; Carry Chain Length                                               ; 70                 ; 70                 ;
; Auto Carry Chains                                                ; On                 ; On                 ;
; Auto Open-Drain Pins                                             ; On                 ; On                 ;
; Perform WYSIWYG Primitive Resynthesis                            ; Off                ; Off                ;
; Auto ROM Replacement                                             ; On                 ; On                 ;
; Auto RAM Replacement                                             ; On                 ; On                 ;
; Auto DSP Block Replacement                                       ; On                 ; On                 ;
; Auto Shift Register Replacement                                  ; Auto               ; Auto               ;
; Allow Shift Register Merging across Hierarchies                  ; Auto               ; Auto               ;
; Auto Clock Enable Replacement                                    ; On                 ; On                 ;
; Strict RAM Replacement                                           ; Off                ; Off                ;
; Allow Synchronous Control Signals                                ; On                 ; On                 ;
; Force Use of Synchronous Clear Signals                           ; Off                ; Off                ;
; Auto RAM Block Balancing                                         ; On                 ; On                 ;
; Auto RAM to Logic Cell Conversion                                ; Off                ; Off                ;
; Auto Resource Sharing                                            ; Off                ; Off                ;
; Allow Any RAM Size For Recognition                               ; Off                ; Off                ;
; Allow Any ROM Size For Recognition                               ; Off                ; Off                ;
; Allow Any Shift Register Size For Recognition                    ; Off                ; Off                ;
; Use LogicLock Constraints during Resource Balancing              ; On                 ; On                 ;
; Ignore translate_off and synthesis_off directives                ; Off                ; Off                ;
; Timing-Driven Synthesis                                          ; On                 ; On                 ;
; Report Parameter Settings                                        ; On                 ; On                 ;
; Report Source Assignments                                        ; On                 ; On                 ;
; Report Connectivity Checks                                       ; On                 ; On                 ;
; Ignore Maximum Fan-Out Assignments                               ; Off                ; Off                ;
; Synchronization Register Chain Length                            ; 2                  ; 2                  ;
; Power Optimization During Synthesis                              ; Normal compilation ; Normal compilation ;
; HDL message level                                                ; Level2             ; Level2             ;
; Suppress Register Optimization Related Messages                  ; Off                ; Off                ;
; Number of Removed Registers Reported in Synthesis Report         ; 5000               ; 5000               ;
; Number of Swept Nodes Reported in Synthesis Report               ; 5000               ; 5000               ;
; Number of Inverted Registers Reported in Synthesis Report        ; 100                ; 100                ;
; Clock MUX Protection                                             ; On                 ; On                 ;
; Auto Gated Clock Conversion                                      ; Off                ; Off                ;
; Block Design Naming                                              ; Auto               ; Auto               ;
; SDC constraint protection                                        ; Off                ; Off                ;
; Synthesis Effort                                                 ; Auto               ; Auto               ;
; Shift Register Replacement - Allow Asynchronous Clear Signal     ; On                 ; On                 ;
; Pre-Mapping Resynthesis Optimization                             ; Off                ; Off                ;
; Analysis & Synthesis Message Level                               ; Medium             ; Medium             ;
; Disable Register Merging Across Hierarchies                      ; Auto               ; Auto               ;
; Resource Aware Inference For Block RAM                           ; On                 ; On                 ;
+------------------------------------------------------------------+--------------------+--------------------+


+------------------------------------------+
; Parallel Compilation                     ;
+----------------------------+-------------+
; Processors                 ; Number      ;
+----------------------------+-------------+
; Number detected on machine ; 8           ;
; Maximum allowed            ; 4           ;
;                            ;             ;
; Average used               ; 1.00        ;
; Maximum used               ; 4           ;
;                            ;             ;
; Usage by Processor         ; % Time Used ;
;     Processor 1            ; 100.0%      ;
;     Processor 2            ;   0.0%      ;
;     Processors 3-4         ;   0.0%      ;
+----------------------------+-------------+


+--------------------------------------------------------------------------------------------------------------------------+
; Analysis & Synthesis Source Files Read                                                                                   ;
+----------------------------------+-----------------+-----------------+-----------------------------------------+---------+
; File Name with User-Entered Path ; Used in Netlist ; File Type       ; File Name with Absolute Path            ; Library ;
+----------------------------------+-----------------+-----------------+-----------------------------------------+---------+
; vga.vhd                          ; yes             ; User VHDL File  ; C:/Users/ramse/Downloads/Prac10/vga.vhd ;         ;
+----------------------------------+-----------------+-----------------+-----------------------------------------+---------+


+--------------------------------------------------------+
; Analysis & Synthesis Resource Usage Summary            ;
+---------------------------------------------+----------+
; Resource                                    ; Usage    ;
+---------------------------------------------+----------+
; Estimated Total logic elements              ; 315      ;
;                                             ;          ;
; Total combinational functions               ; 296      ;
; Logic element usage by number of LUT inputs ;          ;
;     -- 4 input functions                    ; 112      ;
;     -- 3 input functions                    ; 58       ;
;     -- <=2 input functions                  ; 126      ;
;                                             ;          ;
; Logic elements by mode                      ;          ;
;     -- normal mode                          ; 179      ;
;     -- arithmetic mode                      ; 117      ;
;                                             ;          ;
; Total registers                             ; 134      ;
;     -- Dedicated logic registers            ; 134      ;
;     -- I/O registers                        ; 0        ;
;                                             ;          ;
; I/O pins                                    ; 15       ;
;                                             ;          ;
; Embedded Multiplier 9-bit elements          ; 0        ;
;                                             ;          ;
; Maximum fan-out node                        ; temporal ;
; Maximum fan-out                             ; 69       ;
; Total fan-out                               ; 1208     ;
; Average fan-out                             ; 2.63     ;
+---------------------------------------------+----------+


+------------------------------------------------------------------------------------------------------------------------------------------------------------------------------------------------------------------------------------+
; Analysis & Synthesis Resource Utilization by Entity                                                                                                                                                                                ;
+----------------------------+---------------------+---------------------------+-------------+------------+--------------+---------+-----------+------+--------------+------------+---------------------+-------------+--------------+
; Compilation Hierarchy Node ; Combinational ALUTs ; Dedicated Logic Registers ; Memory Bits ; UFM Blocks ; DSP Elements ; DSP 9x9 ; DSP 18x18 ; Pins ; Virtual Pins ; ADC blocks ; Full Hierarchy Name ; Entity Name ; Library Name ;
+----------------------------+---------------------+---------------------------+-------------+------------+--------------+---------+-----------+------+--------------+------------+---------------------+-------------+--------------+
; |vga                       ; 296 (296)           ; 134 (134)                 ; 0           ; 0          ; 0            ; 0       ; 0         ; 15   ; 0            ; 0          ; |vga                ; vga         ; work         ;
+----------------------------+---------------------+---------------------------+-------------+------------+--------------+---------+-----------+------+--------------+------------+---------------------+-------------+--------------+
Note: For table entries with two numbers listed, the numbers in parentheses indicate the number of resources of the given type used by the specific entity alone. The numbers listed outside of parentheses indicate the total resources of the given type used by the specific entity and all of its sub-entities in the hierarchy.


+---------------------------------------------------------------------------------+
; Registers Removed During Synthesis                                              ;
+----------------------------------------+----------------------------------------+
; Register name                          ; Reason for Removal                     ;
+----------------------------------------+----------------------------------------+
; column[10..24]                         ; Stuck at GND due to stuck port data_in ;
; row[10..30]                            ; Stuck at GND due to stuck port data_in ;
; column[25..30]                         ; Stuck at GND due to stuck port data_in ;
; row[9]                                 ; Stuck at GND due to stuck port data_in ;
; Total Number of Removed Registers = 43 ;                                        ;
+----------------------------------------+----------------------------------------+


+------------------------------------------------------+
; General Register Statistics                          ;
+----------------------------------------------+-------+
; Statistic                                    ; Value ;
+----------------------------------------------+-------+
; Total registers                              ; 134   ;
; Number of registers using Synchronous Clear  ; 20    ;
; Number of registers using Synchronous Load   ; 0     ;
; Number of registers using Asynchronous Clear ; 0     ;
; Number of registers using Asynchronous Load  ; 0     ;
; Number of registers using Clock Enable       ; 31    ;
; Number of registers using Preset             ; 0     ;
+----------------------------------------------+-------+


+--------------------------------------------------+
; Inverted Register Statistics                     ;
+----------------------------------------+---------+
; Inverted Register                      ; Fan out ;
+----------------------------------------+---------+
; row[0]                                 ; 6       ;
; column[0]                              ; 9       ;
; column[31]                             ; 6       ;
; row[31]                                ; 6       ;
; lim_hor_may[5]                         ; 3       ;
; lim_hor_may[4]                         ; 3       ;
; lim_hor_may[1]                         ; 3       ;
; Total number of inverted registers = 7 ;         ;
+----------------------------------------+---------+


+-----------------------------------------------------+
; Post-Synthesis Netlist Statistics for Top Partition ;
+-----------------------+-----------------------------+
; Type                  ; Count                       ;
+-----------------------+-----------------------------+
; boundary_port         ; 15                          ;
; cycloneiii_ff         ; 134                         ;
;     ENA               ; 21                          ;
;     ENA SCLR          ; 10                          ;
;     SCLR              ; 10                          ;
;     plain             ; 93                          ;
; cycloneiii_lcell_comb ; 296                         ;
;     arith             ; 117                         ;
;         2 data inputs ; 99                          ;
;         3 data inputs ; 18                          ;
;     normal            ; 179                         ;
;         1 data inputs ; 12                          ;
;         2 data inputs ; 15                          ;
;         3 data inputs ; 40                          ;
;         4 data inputs ; 112                         ;
;                       ;                             ;
; Max LUT depth         ; 9.00                        ;
; Average LUT depth     ; 4.92                        ;
+-----------------------+-----------------------------+


+-------------------------------+
; Elapsed Time Per Partition    ;
+----------------+--------------+
; Partition Name ; Elapsed Time ;
+----------------+--------------+
; Top            ; 00:00:01     ;
+----------------+--------------+


+-------------------------------+
; Analysis & Synthesis Messages ;
+-------------------------------+
Info: *******************************************************************
Info: Running Quartus Prime Analysis & Synthesis
    Info: Version 18.1.0 Build 625 09/12/2018 SJ Lite Edition
    Info: Processing started: Sat Nov 03 19:49:19 2018
Info: Command: quartus_map --read_settings_files=on --write_settings_files=off vga -c vga
Warning (18236): Number of processors has not been specified which may cause overloading on shared machines.  Set the global assignment NUM_PARALLEL_PROCESSORS in your QSF to an appropriate value for best performance.
Info (20030): Parallel compilation is enabled and will use 4 of the 4 processors detected
Info (12021): Found 2 design units, including 1 entities, in source file vga.vhd
    Info (12022): Found design unit 1: vga-behaivoral File: C:/Users/ramse/Downloads/Prac10/vga.vhd Line: 14
    Info (12023): Found entity 1: vga File: C:/Users/ramse/Downloads/Prac10/vga.vhd Line: 5
Info (12127): Elaborating entity "vga" for the top level hierarchy
Warning (10540): VHDL Signal Declaration warning at vga.vhd(27): used explicit default value for signal "h_period" because signal was never assigned a value File: C:/Users/ramse/Downloads/Prac10/vga.vhd Line: 27
Warning (10540): VHDL Signal Declaration warning at vga.vhd(28): used explicit default value for signal "v_period" because signal was never assigned a value File: C:/Users/ramse/Downloads/Prac10/vga.vhd Line: 28
Warning (10492): VHDL Process Statement warning at vga.vhd(145): signal "colorr" is read inside the Process Statement but isn't in the Process Statement's sensitivity list File: C:/Users/ramse/Downloads/Prac10/vga.vhd Line: 145
Warning (10492): VHDL Process Statement warning at vga.vhd(146): signal "colorg" is read inside the Process Statement but isn't in the Process Statement's sensitivity list File: C:/Users/ramse/Downloads/Prac10/vga.vhd Line: 146
Warning (10492): VHDL Process Statement warning at vga.vhd(147): signal "colorb" is read inside the Process Statement but isn't in the Process Statement's sensitivity list File: C:/Users/ramse/Downloads/Prac10/vga.vhd Line: 147
Warning (10492): VHDL Process Statement warning at vga.vhd(149): signal "colorr" is read inside the Process Statement but isn't in the Process Statement's sensitivity list File: C:/Users/ramse/Downloads/Prac10/vga.vhd Line: 149
Warning (10492): VHDL Process Statement warning at vga.vhd(150): signal "colorg" is read inside the Process Statement but isn't in the Process Statement's sensitivity list File: C:/Users/ramse/Downloads/Prac10/vga.vhd Line: 150
Warning (10492): VHDL Process Statement warning at vga.vhd(151): signal "colorb" is read inside the Process Statement but isn't in the Process Statement's sensitivity list File: C:/Users/ramse/Downloads/Prac10/vga.vhd Line: 151
Warning (10492): VHDL Process Statement warning at vga.vhd(153): signal "colorr" is read inside the Process Statement but isn't in the Process Statement's sensitivity list File: C:/Users/ramse/Downloads/Prac10/vga.vhd Line: 153
Warning (10492): VHDL Process Statement warning at vga.vhd(154): signal "colorg" is read inside the Process Statement but isn't in the Process Statement's sensitivity list File: C:/Users/ramse/Downloads/Prac10/vga.vhd Line: 154
Warning (10492): VHDL Process Statement warning at vga.vhd(155): signal "colorb" is read inside the Process Statement but isn't in the Process Statement's sensitivity list File: C:/Users/ramse/Downloads/Prac10/vga.vhd Line: 155
Warning (10492): VHDL Process Statement warning at vga.vhd(157): signal "colorr" is read inside the Process Statement but isn't in the Process Statement's sensitivity list File: C:/Users/ramse/Downloads/Prac10/vga.vhd Line: 157
Warning (10492): VHDL Process Statement warning at vga.vhd(158): signal "colorg" is read inside the Process Statement but isn't in the Process Statement's sensitivity list File: C:/Users/ramse/Downloads/Prac10/vga.vhd Line: 158
Warning (10492): VHDL Process Statement warning at vga.vhd(159): signal "colorb" is read inside the Process Statement but isn't in the Process Statement's sensitivity list File: C:/Users/ramse/Downloads/Prac10/vga.vhd Line: 159
Warning (10492): VHDL Process Statement warning at vga.vhd(161): signal "colorr" is read inside the Process Statement but isn't in the Process Statement's sensitivity list File: C:/Users/ramse/Downloads/Prac10/vga.vhd Line: 161
Warning (10492): VHDL Process Statement warning at vga.vhd(162): signal "colorg" is read inside the Process Statement but isn't in the Process Statement's sensitivity list File: C:/Users/ramse/Downloads/Prac10/vga.vhd Line: 162
Warning (10492): VHDL Process Statement warning at vga.vhd(163): signal "colorb" is read inside the Process Statement but isn't in the Process Statement's sensitivity list File: C:/Users/ramse/Downloads/Prac10/vga.vhd Line: 163
Warning (10492): VHDL Process Statement warning at vga.vhd(165): signal "colorr" is read inside the Process Statement but isn't in the Process Statement's sensitivity list File: C:/Users/ramse/Downloads/Prac10/vga.vhd Line: 165
Warning (10492): VHDL Process Statement warning at vga.vhd(166): signal "colorg" is read inside the Process Statement but isn't in the Process Statement's sensitivity list File: C:/Users/ramse/Downloads/Prac10/vga.vhd Line: 166
Warning (10492): VHDL Process Statement warning at vga.vhd(167): signal "colorb" is read inside the Process Statement but isn't in the Process Statement's sensitivity list File: C:/Users/ramse/Downloads/Prac10/vga.vhd Line: 167
Warning (10492): VHDL Process Statement warning at vga.vhd(169): signal "colorr" is read inside the Process Statement but isn't in the Process Statement's sensitivity list File: C:/Users/ramse/Downloads/Prac10/vga.vhd Line: 169
Warning (10492): VHDL Process Statement warning at vga.vhd(170): signal "colorg" is read inside the Process Statement but isn't in the Process Statement's sensitivity list File: C:/Users/ramse/Downloads/Prac10/vga.vhd Line: 170
Warning (10492): VHDL Process Statement warning at vga.vhd(171): signal "colorb" is read inside the Process Statement but isn't in the Process Statement's sensitivity list File: C:/Users/ramse/Downloads/Prac10/vga.vhd Line: 171
Warning (10492): VHDL Process Statement warning at vga.vhd(173): signal "colorr" is read inside the Process Statement but isn't in the Process Statement's sensitivity list File: C:/Users/ramse/Downloads/Prac10/vga.vhd Line: 173
Warning (10492): VHDL Process Statement warning at vga.vhd(174): signal "colorg" is read inside the Process Statement but isn't in the Process Statement's sensitivity list File: C:/Users/ramse/Downloads/Prac10/vga.vhd Line: 174
Warning (10492): VHDL Process Statement warning at vga.vhd(175): signal "colorb" is read inside the Process Statement but isn't in the Process Statement's sensitivity list File: C:/Users/ramse/Downloads/Prac10/vga.vhd Line: 175
Warning (10492): VHDL Process Statement warning at vga.vhd(204): signal "lim_hor_men" is read inside the Process Statement but isn't in the Process Statement's sensitivity list File: C:/Users/ramse/Downloads/Prac10/vga.vhd Line: 204
Warning (10492): VHDL Process Statement warning at vga.vhd(204): signal "lim_hor_may" is read inside the Process Statement but isn't in the Process Statement's sensitivity list File: C:/Users/ramse/Downloads/Prac10/vga.vhd Line: 204
Warning (10492): VHDL Process Statement warning at vga.vhd(205): signal "colorr" is read inside the Process Statement but isn't in the Process Statement's sensitivity list File: C:/Users/ramse/Downloads/Prac10/vga.vhd Line: 205
Warning (10492): VHDL Process Statement warning at vga.vhd(206): signal "colorg" is read inside the Process Statement but isn't in the Process Statement's sensitivity list File: C:/Users/ramse/Downloads/Prac10/vga.vhd Line: 206
Warning (10492): VHDL Process Statement warning at vga.vhd(207): signal "colorb" is read inside the Process Statement but isn't in the Process Statement's sensitivity list File: C:/Users/ramse/Downloads/Prac10/vga.vhd Line: 207
Info (286030): Timing-Driven Synthesis is running
Info (16010): Generating hard_block partition "hard_block:auto_generated_inst"
    Info (16011): Adding 0 node(s), including 0 DDIO, 0 PLL, 0 transceiver and 0 LCELL
Info (21057): Implemented 330 device resources after synthesis - the final resource count might be different
    Info (21058): Implemented 1 input pins
    Info (21059): Implemented 14 output pins
    Info (21061): Implemented 315 logic cells
Info: Quartus Prime Analysis & Synthesis was successful. 0 errors, 32 warnings
    Info: Peak virtual memory: 4812 megabytes
    Info: Processing ended: Sat Nov 03 19:49:33 2018
    Info: Elapsed time: 00:00:14
    Info: Total CPU time (on all processors): 00:00:31


